[2026-03-21 19:00:57] ==================================================
[2026-03-21 19:00:57] Infofase catalog updater
[2026-03-21 19:00:57] Descargando https://infofase.com/tienda/megastore.csv
[2026-03-21 19:00:59]   CSV: 509KB (utf-8-sig)
[2026-03-21 19:00:59]   Procesados: 2921, descartados: 381
[2026-03-21 19:00:59]   Modo: web integrada (_TG)
[2026-03-21 19:00:59]   index.html: 30.4MB, 2921 productos
[2026-03-21 19:00:59] Completado OK
[2026-03-21 19:00:59] ==================================================
[2026-03-21 19:07:56] ==================================================
[2026-03-21 19:07:56] Infofase catalog updater
[2026-03-21 19:07:56] Descargando https://infofase.com/tienda/megastore.csv
[2026-03-21 19:07:58]   CSV: 509KB (utf-8-sig)
[2026-03-21 19:07:58]   Procesados: 2921, descartados: 381
[2026-03-21 19:07:58]   Modo: web integrada (_TG)
[2026-03-21 19:07:59]   index.html: 30.4MB, 2921 productos
[2026-03-21 19:07:59] Completado OK
[2026-03-21 19:07:59] ==================================================
[2026-03-21 19:17:32] ==================================================
[2026-03-21 19:17:32] Infofase catalog updater
[2026-03-21 19:17:32] Descargando https://infofase.com/tienda/megastore.csv
[2026-03-21 19:17:33]   CSV: 509KB (utf-8-sig)
[2026-03-21 19:17:33]   Procesados: 2921, descartados: 381
[2026-03-21 19:17:33]   Modo: web integrada (_TG)
[2026-03-21 19:17:34]   ZA: 593/593 productos Apple actualizados
[2026-03-21 19:17:35]   index.html: 30.4MB | tienda: 2921 | Apple: 593
[2026-03-21 19:17:35] Completado OK
[2026-03-21 19:17:35] ==================================================
